2024-10-23 16:36:36,742 - __main__ - INFO - Initializing the Chrome WebDriver...
2024-10-23 16:36:36,743 - WDM - INFO - ====== WebDriver manager ======
2024-10-23 16:36:37,284 - WDM - INFO - Get LATEST chromedriver version for google-chrome
2024-10-23 16:36:37,552 - WDM - INFO - Get LATEST chromedriver version for google-chrome
2024-10-23 16:36:37,595 - WDM - INFO - Driver [/home/ansuman/.wdm/drivers/chromedriver/linux64/129.0.6668.100/chromedriver-linux64/chromedriver] found in cache
2024-10-23 16:36:40,613 - __main__ - INFO - Attempting to log into LinkedIn...
2024-10-23 16:37:04,167 - __main__ - INFO - Login successful!
2024-10-23 16:37:04,168 - __main__ - INFO - Pushing 21 profile URLs to the Redis queue...
2024-10-23 16:37:04,196 - __main__ - INFO - Profile URLs added to the queue successfully.
2024-10-23 16:37:04,197 - __main__ - INFO - Processing profile: https://www.linkedin.com/in/antrixshgupta?miniProfileUrn=urn%3Ali%3Afsd_profile%3AACoAACS2JSYBd4pvOYaBkYgGJq5d1VDH5F53OjA
2024-10-23 16:37:04,197 - __main__ - INFO - Navigating to profile URL: https://www.linkedin.com/in/antrixshgupta?miniProfileUrn=urn%3Ali%3Afsd_profile%3AACoAACS2JSYBd4pvOYaBkYgGJq5d1VDH5F53OjA
2024-10-23 16:37:14,964 - __main__ - INFO - Scrolling to load more posts...
2024-10-23 16:37:19,981 - __main__ - INFO - Scrolling to load more posts...
2024-10-23 16:37:24,997 - __main__ - INFO - Scrolling to load more posts...
2024-10-23 16:37:30,030 - __main__ - INFO - Found 0 posts on profile: https://www.linkedin.com/in/antrixshgupta?miniProfileUrn=urn%3Ali%3Afsd_profile%3AACoAACS2JSYBd4pvOYaBkYgGJq5d1VDH5F53OjA
2024-10-23 16:37:30,031 - __main__ - INFO - File name is _new.json
2024-10-23 16:37:30,031 - __main__ - INFO - Data for https://www.linkedin.com/in/antrixshgupta?miniProfileUrn=urn%3Ali%3Afsd_profile%3AACoAACS2JSYBd4pvOYaBkYgGJq5d1VDH5F53OjA saved to _new.json
2024-10-23 16:37:30,031 - __main__ - INFO - No new profile URLs extracted.
2024-10-23 16:37:30,032 - __main__ - INFO - No new profile URLs extracted.
2024-10-23 16:37:30,032 - __main__ - INFO - Closing the Chrome WebDriver...
