2024-10-23 15:12:29,394 - __main__ - INFO - Initializing the Chrome WebDriver...
2024-10-23 15:12:29,394 - WDM - INFO - ====== WebDriver manager ======
2024-10-23 15:12:29,845 - WDM - INFO - Get LATEST chromedriver version for google-chrome
2024-10-23 15:12:30,153 - WDM - INFO - Get LATEST chromedriver version for google-chrome
2024-10-23 15:12:30,197 - WDM - INFO - Driver [/home/ansuman/.wdm/drivers/chromedriver/linux64/129.0.6668.100/chromedriver-linux64/chromedriver] found in cache
2024-10-23 15:12:32,717 - __main__ - INFO - Attempting to log into LinkedIn...
2024-10-23 15:12:53,054 - __main__ - INFO - Login successful!
2024-10-23 15:12:53,059 - __main__ - INFO - Navigating to URL: https://www.linkedin.com/in/parthmahajan08/recent-activity/all/
2024-10-23 15:13:03,957 - __main__ - INFO - Scrolling to load more content...
2024-10-23 15:13:09,113 - __main__ - INFO - Profile URL extracted: https://www.linkedin.com/in/parthmahajan08?miniProfileUrn=urn%3Ali%3Afsd_profile%3AACoAADgXi6ABhdLb2hPI0JbjcHOXYarasOo3U8Y
2024-10-23 15:13:09,438 - __main__ - INFO - Profile URL extracted: https://www.linkedin.com/in/ACoAACgiOSkB7XQuRGk-jOGKW_LV_XH6J7vfO20
2024-10-23 15:13:09,447 - __main__ - INFO - Profile URL extracted: https://www.linkedin.com/in/ACoAAEUPy9UB0jx9o8GCPcp86GoRIYIVon4K6iw
2024-10-23 15:13:09,456 - __main__ - INFO - Profile URL extracted: https://www.linkedin.com/in/ACoAADDZ4GQB49N8E4CS0mOqdmxnl2Ye5EOUPs4
2024-10-23 15:13:09,503 - __main__ - INFO - Profile URL extracted: https://www.linkedin.com/in/ACoAAAsSRkkBy5fqXrkn_7e8wtRQULhMx5ExXuY
2024-10-23 15:13:09,512 - __main__ - INFO - Profile URL extracted: https://www.linkedin.com/in/ACoAABjhwJEBzCY2oggUMqg172ZtV_lGPWiaeV4
2024-10-23 15:13:09,522 - __main__ - INFO - Profile URL extracted: https://www.linkedin.com/in/ACoAAAWubrEBQ21lIZCVUFKoNY8KoY-Hy_mQVGM
2024-10-23 15:13:09,531 - __main__ - INFO - Profile URL extracted: https://www.linkedin.com/in/ACoAAADuxd4BVJOy1cK2IsF_TdBU15jGWpdx400
2024-10-23 15:13:09,539 - __main__ - INFO - Profile URL extracted: https://www.linkedin.com/in/ACoAAAAyHvUBgMhvd1aMa-Iq92jmCDJjjD3pgqg
2024-10-23 15:13:09,547 - __main__ - INFO - Profile URL extracted: https://www.linkedin.com/in/ACoAAAE6Q3YBi85kln8YmA_RppU_FrhIzPl5M3A
2024-10-23 15:13:09,555 - __main__ - INFO - Profile URL extracted: https://www.linkedin.com/in/ACoAAA0cZ88BgfrbKMN9myeJZK9yyNcdvQRtdmE
2024-10-23 15:13:09,624 - __main__ - INFO - Profile URL extracted: https://www.linkedin.com/in/akshatshrivastavainsead?miniProfileUrn=urn%3Ali%3Afsd_profile%3AACoAAAOluNsBmqekBgjJh6Oo0de70G0Zq7-_1Ok
2024-10-23 15:13:09,656 - __main__ - INFO - Profile URL extracted: https://www.linkedin.com/in/ankit-malhotra-growth?miniProfileUrn=urn%3Ali%3Afsd_profile%3AACoAAAe015EBdgiTZgToCSGRO-l_CS_asLRaqY4
2024-10-23 15:13:09,728 - __main__ - INFO - Profile URL extracted: https://www.linkedin.com/in/kartiksubodh?miniProfileUrn=urn%3Ali%3Afsd_profile%3AACoAACaGEw8BwXWV0JEN-bqj9Vk_IVBEuWjF0hs
2024-10-23 15:13:09,801 - __main__ - INFO - Current number of unique profiles collected: 14
2024-10-23 15:13:09,802 - __main__ - INFO - Scrolling to load more content...
2024-10-23 15:13:15,661 - __main__ - INFO - Profile URL extracted: https://www.linkedin.com/in/chaitanya-giri?miniProfileUrn=urn%3Ali%3Afsd_profile%3AACoAADMJNHYBaPKMcXOt8Z_WzoqdIKDUiVlOflc
2024-10-23 15:13:15,693 - __main__ - INFO - Profile URL extracted: https://www.linkedin.com/in/ACoAADl9v8ABOjStNFE7FPD6SilwAea_DA9FowM
2024-10-23 15:13:15,702 - __main__ - INFO - Profile URL extracted: https://www.linkedin.com/in/ACoAADlYcAsBPlT1HEatLMHPj3JepVqAnCGBDwE
2024-10-23 15:13:15,710 - __main__ - INFO - Profile URL extracted: https://www.linkedin.com/in/ACoAACNOKIUBk5ENYnaWgQjPi9tDT51Y6dVS3ic
2024-10-23 15:13:15,834 - __main__ - INFO - Profile URL extracted: https://www.linkedin.com/in/ACoAADMJNHYBaPKMcXOt8Z_WzoqdIKDUiVlOflc
2024-10-23 15:13:15,842 - __main__ - INFO - Profile URL extracted: https://www.linkedin.com/in/thesayansapui?miniProfileUrn=urn%3Ali%3Afsd_profile%3AACoAABLvt5EBM4ipDqL9lnMdKfGzrNuleJyDX2c
2024-10-23 15:13:16,000 - __main__ - INFO - Current number of unique profiles collected: 20
2024-10-23 15:13:16,001 - __main__ - INFO - Scrolling to load more content...
2024-10-23 15:13:22,392 - __main__ - INFO - Profile URL extracted: https://www.linkedin.com/in/antrixshgupta?miniProfileUrn=urn%3Ali%3Afsd_profile%3AACoAACS2JSYBd4pvOYaBkYgGJq5d1VDH5F53OjA
2024-10-23 15:13:22,543 - __main__ - INFO - Current number of unique profiles collected: 21
2024-10-23 15:13:22,543 - __main__ - INFO - Scrolling to load more content...
2024-10-23 15:13:28,860 - __main__ - INFO - Current number of unique profiles collected: 21
2024-10-23 15:13:28,860 - __main__ - INFO - Scrolling to load more content...
2024-10-23 15:13:35,146 - __main__ - INFO - Current number of unique profiles collected: 21
2024-10-23 15:13:35,147 - __main__ - INFO - Scrolling to load more content...
2024-10-23 15:13:40,163 - __main__ - INFO - No more content to scroll through.
2024-10-23 15:13:40,163 - __main__ - INFO - Finished scraping. Total profiles collected: 21
2024-10-23 15:13:40,173 - __main__ - INFO - Profile URLs saved to scraped_profile_urls.json
2024-10-23 15:13:40,173 - __main__ - INFO - Closing the Chrome WebDriver...
