2024-11-05 22:58:14,015 - __main__ - INFO - Initializing Chrome WebDriver...
2024-11-05 22:58:14,015 - WDM - INFO - ====== WebDriver manager ======
2024-11-05 22:58:14,120 - WDM - INFO - Get LATEST chromedriver version for google-chrome
2024-11-05 22:58:14,170 - WDM - INFO - Get LATEST chromedriver version for google-chrome
2024-11-05 22:58:14,212 - WDM - INFO - Driver [/home/ansuman/.wdm/drivers/chromedriver/linux64/129.0.6668.100/chromedriver-linux64/chromedriver] found in cache
2024-11-05 22:58:15,729 - __main__ - INFO - Logging into LinkedIn...
2024-11-05 22:58:35,011 - __main__ - INFO - Navigating to profile URL: https://www.linkedin.com/in/ACoAAAjVaFoBAIXdTe6aVF0NG_E6kHvAnXv6NJw/recent-activity/all/
2024-11-05 22:58:42,430 - __main__ - INFO - Scrolling to load more posts...
2024-11-05 22:58:47,457 - __main__ - INFO - Scrolling to load more posts...
2024-11-05 22:58:52,479 - __main__ - INFO - Scrolling to load more posts...
2024-11-05 22:58:57,489 - __main__ - INFO - Scrolling to load more posts...
2024-11-05 22:59:02,516 - __main__ - INFO - Found 0 posts on profile: https://www.linkedin.com/in/ACoAAAjVaFoBAIXdTe6aVF0NG_E6kHvAnXv6NJw/recent-activity/all/
2024-11-05 22:59:02,519 - __main__ - INFO - Data for https://www.linkedin.com/in/ACoAAAjVaFoBAIXdTe6aVF0NG_E6kHvAnXv6NJw/recent-activity/all/ saved to ACoAAAjVaFoBAIXdTe6aVF0NG_E6kHvAnXv6NJw_posts.json
2024-11-05 22:59:02,520 - __main__ - INFO - Navigating to profile URL: https://www.linkedin.com/in/ACoAAAmmEM4BigKtNnWGugqtUtRtsqKs4Kv5odE/recent-activity/all/
2024-11-05 22:59:09,159 - __main__ - INFO - Scrolling to load more posts...
2024-11-05 22:59:14,226 - __main__ - INFO - Scrolling to load more posts...
2024-11-05 22:59:19,268 - __main__ - INFO - Scrolling to load more posts...
2024-11-05 22:59:24,317 - __main__ - INFO - Scrolling to load more posts...
2024-11-05 22:59:29,342 - __main__ - INFO - Found 0 posts on profile: https://www.linkedin.com/in/ACoAAAmmEM4BigKtNnWGugqtUtRtsqKs4Kv5odE/recent-activity/all/
2024-11-05 22:59:29,347 - __main__ - INFO - Data for https://www.linkedin.com/in/ACoAAAmmEM4BigKtNnWGugqtUtRtsqKs4Kv5odE/recent-activity/all/ saved to ACoAAAmmEM4BigKtNnWGugqtUtRtsqKs4Kv5odE_posts.json
2024-11-05 22:59:29,357 - __main__ - INFO - Navigating to profile URL: https://www.linkedin.com/in/ACoAAD23aUgBJyIEepIz6twH0F4tWav4kpdw0OE/recent-activity/all/
2024-11-05 22:59:37,406 - __main__ - INFO - Scrolling to load more posts...
2024-11-05 22:59:42,497 - __main__ - INFO - Scrolling to load more posts...
2024-11-05 22:59:47,592 - __main__ - INFO - Scrolling to load more posts...
2024-11-05 22:59:52,601 - __main__ - INFO - Scrolling to load more posts...
2024-11-05 22:59:57,638 - __main__ - INFO - Found 0 posts on profile: https://www.linkedin.com/in/ACoAAD23aUgBJyIEepIz6twH0F4tWav4kpdw0OE/recent-activity/all/
2024-11-05 22:59:57,645 - __main__ - INFO - Data for https://www.linkedin.com/in/ACoAAD23aUgBJyIEepIz6twH0F4tWav4kpdw0OE/recent-activity/all/ saved to ACoAAD23aUgBJyIEepIz6twH0F4tWav4kpdw0OE_posts.json
2024-11-05 22:59:57,656 - __main__ - INFO - Navigating to profile URL: https://www.linkedin.com/in/ACoAAETneOYBCod5pwh34qFlzX8efiiQV18yTlU/recent-activity/all/
2024-11-05 23:00:04,888 - __main__ - INFO - Scrolling to load more posts...
2024-11-05 23:00:09,903 - __main__ - INFO - Scrolling to load more posts...
2024-11-05 23:00:14,965 - __main__ - INFO - Scrolling to load more posts...
2024-11-05 23:00:19,976 - __main__ - INFO - Scrolling to load more posts...
2024-11-05 23:00:25,010 - __main__ - INFO - Found 0 posts on profile: https://www.linkedin.com/in/ACoAAETneOYBCod5pwh34qFlzX8efiiQV18yTlU/recent-activity/all/
2024-11-05 23:00:25,017 - __main__ - INFO - Data for https://www.linkedin.com/in/ACoAAETneOYBCod5pwh34qFlzX8efiiQV18yTlU/recent-activity/all/ saved to ACoAAETneOYBCod5pwh34qFlzX8efiiQV18yTlU_posts.json
2024-11-05 23:00:25,030 - __main__ - INFO - Navigating to profile URL: https://www.linkedin.com/in/ACoAAEGekjwBQPraOSKNwpVcbeBYEKmyO-D0Dg0/recent-activity/all/
2024-11-05 23:00:31,815 - __main__ - INFO - Scrolling to load more posts...
2024-11-05 23:00:36,830 - __main__ - INFO - Scrolling to load more posts...
2024-11-05 23:00:41,844 - __main__ - INFO - Scrolling to load more posts...
2024-11-05 23:00:46,852 - __main__ - INFO - Scrolling to load more posts...
2024-11-05 23:00:51,884 - __main__ - INFO - Found 0 posts on profile: https://www.linkedin.com/in/ACoAAEGekjwBQPraOSKNwpVcbeBYEKmyO-D0Dg0/recent-activity/all/
2024-11-05 23:00:51,891 - __main__ - INFO - Data for https://www.linkedin.com/in/ACoAAEGekjwBQPraOSKNwpVcbeBYEKmyO-D0Dg0/recent-activity/all/ saved to ACoAAEGekjwBQPraOSKNwpVcbeBYEKmyO-D0Dg0_posts.json
2024-11-05 23:00:51,903 - __main__ - INFO - Navigating to profile URL: https://www.linkedin.com/in/ACoAADi-XRQB508PFtFpQO3yBPfeMlmB_rCrVXM/recent-activity/all/
2024-11-05 23:00:58,970 - __main__ - INFO - Scrolling to load more posts...
2024-11-05 23:01:04,042 - __main__ - INFO - Scrolling to load more posts...
2024-11-05 23:01:09,197 - __main__ - INFO - Scrolling to load more posts...
2024-11-05 23:01:14,208 - __main__ - INFO - Scrolling to load more posts...
2024-11-05 23:01:19,243 - __main__ - INFO - Found 0 posts on profile: https://www.linkedin.com/in/ACoAADi-XRQB508PFtFpQO3yBPfeMlmB_rCrVXM/recent-activity/all/
2024-11-05 23:01:19,250 - __main__ - INFO - Data for https://www.linkedin.com/in/ACoAADi-XRQB508PFtFpQO3yBPfeMlmB_rCrVXM/recent-activity/all/ saved to ACoAADi-XRQB508PFtFpQO3yBPfeMlmB_rCrVXM_posts.json
2024-11-05 23:01:19,262 - __main__ - INFO - Navigating to profile URL: https://www.linkedin.com/in/ACoAADW9i3QB2hxAh86JyllP0IWqKTZOISikgOw/recent-activity/all/
2024-11-05 23:01:43,275 - __main__ - INFO - Scrolling to load more posts...
2024-11-05 23:01:48,589 - __main__ - INFO - Scrolling to load more posts...
2024-11-05 23:01:53,668 - __main__ - INFO - Scrolling to load more posts...
2024-11-05 23:01:58,677 - __main__ - INFO - Scrolling to load more posts...
2024-11-05 23:02:03,705 - __main__ - INFO - Found 0 posts on profile: https://www.linkedin.com/in/ACoAADW9i3QB2hxAh86JyllP0IWqKTZOISikgOw/recent-activity/all/
2024-11-05 23:02:03,714 - __main__ - INFO - Data for https://www.linkedin.com/in/ACoAADW9i3QB2hxAh86JyllP0IWqKTZOISikgOw/recent-activity/all/ saved to ACoAADW9i3QB2hxAh86JyllP0IWqKTZOISikgOw_posts.json
2024-11-05 23:02:03,727 - __main__ - INFO - Navigating to profile URL: https://www.linkedin.com/in/ansuman-simanta-sekhar-bhujabala/recent-activity/all/recent-activity/all/
2024-11-05 23:02:10,947 - __main__ - INFO - Scrolling to load more posts...
2024-11-05 23:02:15,959 - __main__ - INFO - Scrolling to load more posts...
2024-11-05 23:02:20,969 - __main__ - INFO - Scrolling to load more posts...
2024-11-05 23:02:25,985 - __main__ - INFO - Found 0 posts on profile: https://www.linkedin.com/in/ansuman-simanta-sekhar-bhujabala/recent-activity/all/recent-activity/all/
2024-11-05 23:02:25,988 - __main__ - INFO - Data for https://www.linkedin.com/in/ansuman-simanta-sekhar-bhujabala/recent-activity/all/recent-activity/all/ saved to all_posts.json
2024-11-05 23:02:25,989 - __main__ - INFO - Navigating to profile URL: https://www.linkedin.com/in/ACoAAADDopQBLlDF1X0KgsYRPF1jcPoRB4BiVa8/recent-activity/all/
2024-11-05 23:02:32,640 - __main__ - INFO - Scrolling to load more posts...
2024-11-05 23:02:37,665 - __main__ - INFO - Scrolling to load more posts...
2024-11-05 23:02:42,733 - __main__ - INFO - Scrolling to load more posts...
2024-11-05 23:02:47,742 - __main__ - INFO - Scrolling to load more posts...
2024-11-05 23:02:52,776 - __main__ - INFO - Found 0 posts on profile: https://www.linkedin.com/in/ACoAAADDopQBLlDF1X0KgsYRPF1jcPoRB4BiVa8/recent-activity/all/
2024-11-05 23:02:52,785 - __main__ - INFO - Data for https://www.linkedin.com/in/ACoAAADDopQBLlDF1X0KgsYRPF1jcPoRB4BiVa8/recent-activity/all/ saved to ACoAAADDopQBLlDF1X0KgsYRPF1jcPoRB4BiVa8_posts.json
2024-11-05 23:02:52,800 - __main__ - INFO - Navigating to profile URL: https://www.linkedin.com/in/ACoAAAjVaFoBAIXdTe6aVF0NG_E6kHvAnXv6NJw/recent-activity/all/
2024-11-05 23:03:01,180 - __main__ - INFO - Scrolling to load more posts...
2024-11-05 23:03:06,193 - __main__ - INFO - Scrolling to load more posts...
2024-11-05 23:03:11,299 - __main__ - INFO - Scrolling to load more posts...
2024-11-05 23:03:16,330 - __main__ - INFO - Scrolling to load more posts...
2024-11-05 23:03:21,369 - __main__ - INFO - Found 0 posts on profile: https://www.linkedin.com/in/ACoAAAjVaFoBAIXdTe6aVF0NG_E6kHvAnXv6NJw/recent-activity/all/
2024-11-05 23:03:21,376 - __main__ - INFO - Data for https://www.linkedin.com/in/ACoAAAjVaFoBAIXdTe6aVF0NG_E6kHvAnXv6NJw/recent-activity/all/ saved to ACoAAAjVaFoBAIXdTe6aVF0NG_E6kHvAnXv6NJw_posts.json
2024-11-05 23:03:21,389 - __main__ - INFO - Navigating to profile URL: https://www.linkedin.com/in/ACoAAAmmEM4BigKtNnWGugqtUtRtsqKs4Kv5odE/recent-activity/all/
2024-11-05 23:03:28,957 - __main__ - INFO - Scrolling to load more posts...
2024-11-05 23:03:33,968 - __main__ - INFO - Scrolling to load more posts...
2024-11-05 23:03:39,064 - __main__ - INFO - Scrolling to load more posts...
2024-11-05 23:03:44,073 - __main__ - INFO - Scrolling to load more posts...
2024-11-05 23:03:49,086 - __main__ - INFO - Found 0 posts on profile: https://www.linkedin.com/in/ACoAAAmmEM4BigKtNnWGugqtUtRtsqKs4Kv5odE/recent-activity/all/
2024-11-05 23:03:49,087 - __main__ - INFO - Data for https://www.linkedin.com/in/ACoAAAmmEM4BigKtNnWGugqtUtRtsqKs4Kv5odE/recent-activity/all/ saved to ACoAAAmmEM4BigKtNnWGugqtUtRtsqKs4Kv5odE_posts.json
2024-11-05 23:03:49,087 - __main__ - INFO - Navigating to profile URL: https://www.linkedin.com/in/ACoAAD23aUgBJyIEepIz6twH0F4tWav4kpdw0OE/recent-activity/all/
2024-11-05 23:03:56,631 - __main__ - INFO - Scrolling to load more posts...
2024-11-05 23:04:01,659 - __main__ - INFO - Scrolling to load more posts...
2024-11-05 23:04:06,825 - __main__ - INFO - Scrolling to load more posts...
2024-11-05 23:04:11,836 - __main__ - INFO - Scrolling to load more posts...
2024-11-05 23:04:16,852 - __main__ - INFO - Found 0 posts on profile: https://www.linkedin.com/in/ACoAAD23aUgBJyIEepIz6twH0F4tWav4kpdw0OE/recent-activity/all/
2024-11-05 23:04:16,853 - __main__ - INFO - Data for https://www.linkedin.com/in/ACoAAD23aUgBJyIEepIz6twH0F4tWav4kpdw0OE/recent-activity/all/ saved to ACoAAD23aUgBJyIEepIz6twH0F4tWav4kpdw0OE_posts.json
2024-11-05 23:04:16,854 - __main__ - INFO - Navigating to profile URL: https://www.linkedin.com/in/ACoAAETneOYBCod5pwh34qFlzX8efiiQV18yTlU/recent-activity/all/
2024-11-05 23:04:23,449 - __main__ - INFO - Scrolling to load more posts...
2024-11-05 23:04:28,464 - __main__ - INFO - Scrolling to load more posts...
